<?xml version="1.0" encoding="UTF-8"?>
<!-- Generated by org.testng.reporters.JUnitXMLReporter -->
<testsuite ignored="0" hostname="DESKTOP-REJ8931" failures="0" tests="4" name="Default test" time="0.202" errors="0" timestamp="2025-04-21T17:27:44 IST">
  <testcase classname="java8.Test1" name="StreamFilter" time="0.033"/>
  <testcase classname="java8.Test1" name="regular" time="0.003"/>
  <testcase classname="java8.Test1" name="streamCollect" time="0.016"/>
  <testcase classname="java8.Test1" name="streamMap" time="0.019"/>
</testsuite> <!-- Default test -->
