<?xml version="1.0" encoding="UTF-8"?>
<testng-results ignored="0" total="4" passed="4" failed="0" skipped="0">
  <reporter-output>
  </reporter-output>
  <suite started-at="2025-04-21T17:27:44 IST" name="Default suite" finished-at="2025-04-21T17:27:44 IST" duration-ms="202">
    <groups>
    </groups>
    <test started-at="2025-04-21T17:27:44 IST" name="Default test" finished-at="2025-04-21T17:27:44 IST" duration-ms="202">
      <class name="java8.Test1">
        <test-method signature="StreamFilter()[pri:0, instance:java8.Test1@31304f14]" started-at="2025-04-21T17:27:44 IST" name="StreamFilter" finished-at="2025-04-21T17:27:44 IST" duration-ms="33" status="PASS">
          <reporter-output>
          </reporter-output>
        </test-method> <!-- StreamFilter -->
        <test-method signature="regular()[pri:0, instance:java8.Test1@31304f14]" started-at="2025-04-21T17:27:44 IST" name="regular" finished-at="2025-04-21T17:27:44 IST" duration-ms="3" status="PASS">
          <reporter-output>
          </reporter-output>
        </test-method> <!-- regular -->
        <test-method signature="streamCollect()[pri:0, instance:java8.Test1@31304f14]" started-at="2025-04-21T17:27:44 IST" name="streamCollect" finished-at="2025-04-21T17:27:44 IST" duration-ms="16" status="PASS">
          <reporter-output>
          </reporter-output>
        </test-method> <!-- streamCollect -->
        <test-method signature="streamMap()[pri:0, instance:java8.Test1@31304f14]" started-at="2025-04-21T17:27:44 IST" name="streamMap" finished-at="2025-04-21T17:27:44 IST" duration-ms="19" status="PASS">
          <reporter-output>
          </reporter-output>
        </test-method> <!-- streamMap -->
      </class> <!-- java8.Test1 -->
    </test> <!-- Default test -->
  </suite> <!-- Default suite -->
</testng-results>
