<?xml version="1.0" encoding="UTF-8"?>
<!-- Generated by org.testng.reporters.JUnitReportReporter -->
<testsuite hostname="DESKTOP-REJ8931" failures="0" tests="4" name="java8.Test1" time="0.071" errors="0" timestamp="2025-04-21T17:27:45 IST" skipped="0">
  <testcase classname="java8.Test1" name="StreamFilter" time="0.033"/>
  <testcase classname="java8.Test1" name="streamMap" time="0.019"/>
  <testcase classname="java8.Test1" name="regular" time="0.003"/>
  <testcase classname="java8.Test1" name="streamCollect" time="0.016"/>
</testsuite> <!-- java8.Test1 -->
